<?xml version="1.0" encoding="UTF-8" ?>
<testsuites name="vitest tests" tests="756" failures="0" errors="0" time="94.735651866">
    <testsuite name="src/app/app.component.spec.ts" timestamp="2026-05-30T00:02:13.365Z" hostname="d08c345ea9ad" tests="10" failures="0" errors="0" skipped="0" time="1.68691457">
        <testcase classname="src/app/app.component.spec.ts" name="AppComponent offline detection &gt; should initialize with offline set to false" time="0.90522612">
        </testcase>
        <testcase classname="src/app/app.component.spec.ts" name="AppComponent offline detection &gt; should render the animated splash loader asset while initializing" time="0.117849082">
        </testcase>
        <testcase classname="src/app/app.component.spec.ts" name="AppComponent offline detection &gt; should set offline to false when online event fires" time="0.079844071">
        </testcase>
        <testcase classname="src/app/app.component.spec.ts" name="AppComponent offline detection &gt; should not show offline when server is reachable despite browser offline event" time="0.070321008">
        </testcase>
        <testcase classname="src/app/app.component.spec.ts" name="AppComponent offline detection &gt; should show offline when server is unreachable on browser offline event" time="0.199383498">
        </testcase>
        <testcase classname="src/app/app.component.spec.ts" name="AppComponent offline detection &gt; should ping server with HEAD method and no-store cache" time="0.039818436">
        </testcase>
        <testcase classname="src/app/app.component.spec.ts" name="AppComponent offline detection &gt; should treat server errors as reachable" time="0.033107757">
        </testcase>
        <testcase classname="src/app/app.component.spec.ts" name="AppComponent offline detection &gt; should treat network timeout as unreachable" time="0.08895322">
        </testcase>
        <testcase classname="src/app/app.component.spec.ts" name="AppComponent task progress refresh handling &gt; refreshes books and invalidates paged browser caches when a library sync task completes" time="0.100489171">
        </testcase>
        <testcase classname="src/app/app.component.spec.ts" name="AppComponent task progress refresh handling &gt; does not refresh paged browser state for unrelated task completions" time="0.026993156">
        </testcase>
    </testsuite>
    <testsuite name="src/app/app.spec.ts" timestamp="2026-05-30T00:02:13.392Z" hostname="d08c345ea9ad" tests="1" failures="0" errors="0" skipped="0" time="0.029869391">
        <testcase classname="src/app/app.spec.ts" name="App &gt; should pass" time="0.015045278">
        </testcase>
    </testsuite>
    <testsuite name="src/app/core/security/auth-initializer.spec.ts" timestamp="2026-05-30T00:02:13.396Z" hostname="d08c345ea9ad" tests="2" failures="0" errors="0" skipped="0" time="0.097532193">
        <testcase classname="src/app/core/security/auth-initializer.spec.ts" name="initializeAuthFactory &gt; should proceed with auth initialization when navigator.onLine is false" time="0.074420844">
        </testcase>
        <testcase classname="src/app/core/security/auth-initializer.spec.ts" name="initializeAuthFactory &gt; should initialize normally when navigator.onLine is true" time="0.011907037">
        </testcase>
    </testsuite>
    <testsuite name="src/app/core/security/auth.guard.spec.ts" timestamp="2026-05-30T00:02:13.401Z" hostname="d08c345ea9ad" tests="4" failures="0" errors="0" skipped="0" time="0.314739739">
        <testcase classname="src/app/core/security/auth.guard.spec.ts" name="AuthGuard &gt; allows navigation when the stored token metadata is valid" time="0.20983412">
        </testcase>
        <testcase classname="src/app/core/security/auth.guard.spec.ts" name="AuthGuard &gt; redirects to change-password when the stored session flags a default password" time="0.051234365">
        </testcase>
        <testcase classname="src/app/core/security/auth.guard.spec.ts" name="AuthGuard &gt; clears the session and redirects to login when auth metadata is missing" time="0.023746788">
        </testcase>
        <testcase classname="src/app/core/security/auth.guard.spec.ts" name="AuthGuard &gt; redirects to login when there is no stored access token" time="0.008356459">
        </testcase>
    </testsuite>
    <testsuite name="src/app/features/library-creator/library-creator.component.spec.ts" timestamp="2026-05-30T00:02:13.409Z" hostname="d08c345ea9ad" tests="11" failures="0" errors="0" skipped="0" time="0.807393453">
        <testcase classname="src/app/features/library-creator/library-creator.component.spec.ts" name="LibraryCreatorComponent &gt; does not auto-reconcile after saving library edits" time="0.386970221">
        </testcase>
        <testcase classname="src/app/features/library-creator/library-creator.component.spec.ts" name="LibraryCreatorComponent &gt; shows a follow-up info toast when saved changes would require manual reconcile" time="0.072688339">
        </testcase>
        <testcase classname="src/app/features/library-creator/library-creator.component.spec.ts" name="LibraryCreatorComponent &gt; allows directory management mode to submit without showing the settings sections" time="0.064796775">
        </testcase>
        <testcase classname="src/app/features/library-creator/library-creator.component.spec.ts" name="LibraryCreatorComponent &gt; does not submit directory changes when no directories remain" time="0.035366146">
        </testcase>
        <testcase classname="src/app/features/library-creator/library-creator.component.spec.ts" name="LibraryCreatorComponent &gt; saves directory changes without scanning when using the plain save action" time="0.049056526">
        </testcase>
        <testcase classname="src/app/features/library-creator/library-creator.component.spec.ts" name="LibraryCreatorComponent &gt; saves and scans only newly added directories when requested" time="0.026223569">
        </testcase>
        <testcase classname="src/app/features/library-creator/library-creator.component.spec.ts" name="LibraryCreatorComponent &gt; keeps directory save guidance text free of embedded html markup" time="0.018480385">
        </testcase>
        <testcase classname="src/app/features/library-creator/library-creator.component.spec.ts" name="LibraryCreatorComponent &gt; shows an info toast when directory tag behavior changes" time="0.020735684">
        </testcase>
        <testcase classname="src/app/features/library-creator/library-creator.component.spec.ts" name="LibraryCreatorComponent &gt; closes before opening the settings dialog" time="0.054619009">
        </testcase>
        <testcase classname="src/app/features/library-creator/library-creator.component.spec.ts" name="LibraryCreatorComponent &gt; closes before opening the directories dialog" time="0.023187016">
        </testcase>
        <testcase classname="src/app/features/library-creator/library-creator.component.spec.ts" name="LibraryCreatorComponent &gt; closes before opening the maintenance dialog" time="0.029268975">
        </testcase>
    </testsuite>
    <testsuite name="src/app/features/settings/settings.component.spec.ts" timestamp="2026-05-30T00:02:13.428Z" hostname="d08c345ea9ad" tests="3" failures="0" errors="0" skipped="0" time="0.056324291">
        <testcase classname="src/app/features/settings/settings.component.spec.ts" name="SettingsComponent &gt; returns to the explicit returnTo route when one is provided" time="0.036308662">
        </testcase>
        <testcase classname="src/app/features/settings/settings.component.spec.ts" name="SettingsComponent &gt; falls back to the dashboard when no explicit return route exists" time="0.008045651">
        </testcase>
        <testcase classname="src/app/features/settings/settings.component.spec.ts" name="SettingsComponent &gt; accepts the backups tab from query params" time="0.007169567">
        </testcase>
    </testsuite>
    <testsuite name="src/app/shared/service/auth.service.spec.ts" timestamp="2026-05-30T00:02:13.434Z" hostname="d08c345ea9ad" tests="3" failures="0" errors="0" skipped="0" time="0.175563572">
        <testcase classname="src/app/shared/service/auth.service.spec.ts" name="AuthService token storage &gt; stores and exposes token expiry and default-password metadata" time="0.132785162">
        </testcase>
        <testcase classname="src/app/shared/service/auth.service.spec.ts" name="AuthService token storage &gt; clears stale persisted auth state during startup hydration" time="0.017643539">
        </testcase>
        <testcase classname="src/app/shared/service/auth.service.spec.ts" name="AuthService token storage &gt; reports when a stored internal access token is still valid" time="0.011518153">
        </testcase>
    </testsuite>
    <testsuite name="src/app/shared/service/sse-stream.service.spec.ts" timestamp="2026-05-30T00:02:13.441Z" hostname="d08c345ea9ad" tests="3" failures="0" errors="0" skipped="0" time="0.168575493">
        <testcase classname="src/app/shared/service/sse-stream.service.spec.ts" name="SseStreamService &gt; streams parsed JSON events and completes when the stream closes" time="0.120716285">
        </testcase>
        <testcase classname="src/app/shared/service/sse-stream.service.spec.ts" name="SseStreamService &gt; surfaces response validation failures as observable errors" time="0.023650817">
        </testcase>
        <testcase classname="src/app/shared/service/sse-stream.service.spec.ts" name="SseStreamService &gt; aborts the active request when the subscriber unsubscribes" time="0.009668996">
        </testcase>
    </testsuite>
    <testsuite name="src/app/features/author-browser/service/author.service.spec.ts" timestamp="2026-05-30T00:02:13.444Z" hostname="d08c345ea9ad" tests="1" failures="0" errors="0" skipped="0" time="0.153111668">
        <testcase classname="src/app/features/author-browser/service/author.service.spec.ts" name="AuthorService autoMatchAuthors &gt; posts selected author ids through the SSE bridge" time="0.135335582">
        </testcase>
    </testsuite>
    <testsuite name="src/app/features/book/service/book-menu.service.spec.ts" timestamp="2026-05-30T00:02:13.446Z" hostname="d08c345ea9ad" tests="3" failures="0" errors="0" skipped="0" time="0.149857394">
        <testcase classname="src/app/features/book/service/book-menu.service.spec.ts" name="BookMenuService &gt; resolves selected books through the paged state service before bulk unshelve" time="0.11229393">
        </testcase>
        <testcase classname="src/app/features/book/service/book-menu.service.spec.ts" name="BookMenuService &gt; shows an info toast when resolved books have no shelves to remove" time="0.016050524">
        </testcase>
        <testcase classname="src/app/features/book/service/book-menu.service.spec.ts" name="BookMenuService &gt; surfaces a failure when paged resolution fails before unshelve" time="0.011329561">
        </testcase>
    </testsuite>
    <testsuite name="src/app/features/book/service/book-metadata-manage.service.spec.ts" timestamp="2026-05-30T00:02:13.448Z" hostname="d08c345ea9ad" tests="3" failures="0" errors="0" skipped="0" time="0.273372696">
        <testcase classname="src/app/features/book/service/book-metadata-manage.service.spec.ts" name="BookMetadataManageService &gt; subscribes to the book refresh after bulk metadata updates" time="0.175300763">
        </testcase>
        <testcase classname="src/app/features/book/service/book-metadata-manage.service.spec.ts" name="BookMetadataManageService &gt; keeps single-book metadata updates in place without forcing a full refresh" time="0.053224378">
        </testcase>
        <testcase classname="src/app/features/book/service/book-metadata-manage.service.spec.ts" name="BookMetadataManageService &gt; keeps single-book metadata wipes in place without forcing a full refresh" time="0.023049039">
        </testcase>
    </testsuite>
    <testsuite name="src/app/features/book/service/book-metadata.service.spec.ts" timestamp="2026-05-30T00:02:13.451Z" hostname="d08c345ea9ad" tests="2" failures="0" errors="0" skipped="0" time="0.14866336">
        <testcase classname="src/app/features/book/service/book-metadata.service.spec.ts" name="BookMetadataService &gt; throws when no authentication token is available for the metadata stream" time="0.101183253">
        </testcase>
        <testcase classname="src/app/features/book/service/book-metadata.service.spec.ts" name="BookMetadataService &gt; posts the metadata lookup request through the SSE bridge" time="0.036848929">
        </testcase>
    </testsuite>
    <testsuite name="src/app/features/book/service/book-patch.service.spec.ts" timestamp="2026-05-30T00:02:13.453Z" hostname="d08c345ea9ad" tests="2" failures="0" errors="0" skipped="0" time="0.169684335">
        <testcase classname="src/app/features/book/service/book-patch.service.spec.ts" name="BookPatchService &gt; refreshes paged browsers after shelf updates clear the shared paged cache" time="0.14043349">
        </testcase>
        <testcase classname="src/app/features/book/service/book-patch.service.spec.ts" name="BookPatchService &gt; requests a sidebar badge refresh after media type updates" time="0.017294958">
        </testcase>
    </testsuite>
    <testsuite name="src/app/features/book/service/book-socket.service.spec.ts" timestamp="2026-05-30T00:02:13.455Z" hostname="d08c345ea9ad" tests="5" failures="0" errors="0" skipped="0" time="0.266032077">
        <testcase classname="src/app/features/book/service/book-socket.service.spec.ts" name="BookSocketService &gt; invalidates all-books and matching library caches when a new book arrives" time="0.142046766">
        </testcase>
        <testcase classname="src/app/features/book/service/book-socket.service.spec.ts" name="BookSocketService &gt; invalidates impacted caches when books are removed" time="0.050572486">
        </testcase>
        <testcase classname="src/app/features/book/service/book-socket.service.spec.ts" name="BookSocketService &gt; patches cached pages in place for realtime book updates" time="0.029953503">
        </testcase>
        <testcase classname="src/app/features/book/service/book-socket.service.spec.ts" name="BookSocketService &gt; requests a sidebar badge refresh when realtime book updates change count-relevant fields" time="0.012466684">
        </testcase>
        <testcase classname="src/app/features/book/service/book-socket.service.spec.ts" name="BookSocketService &gt; patches metadata and cover updates without clearing the paged cache" time="0.014192374">
        </testcase>
    </testsuite>
    <testsuite name="src/app/features/book/service/book-state.service.spec.ts" timestamp="2026-05-30T00:02:13.459Z" hostname="d08c345ea9ad" tests="5" failures="0" errors="0" skipped="0" time="0.23486119">
        <testcase classname="src/app/features/book/service/book-state.service.spec.ts" name="BookStateService &gt; stores paged cache separately and clears it when the legacy books array changes" time="0.135480671">
        </testcase>
        <testcase classname="src/app/features/book/service/book-state.service.spec.ts" name="BookStateService &gt; resolves ordered book ids from the paged cache" time="0.020463435">
        </testcase>
        <testcase classname="src/app/features/book/service/book-state.service.spec.ts" name="BookStateService &gt; resolves book lookups by preferring legacy full-state books before paged cache" time="0.013469698">
        </testcase>
        <testcase classname="src/app/features/book/service/book-state.service.spec.ts" name="BookStateService &gt; patches paged cache books in place and keeps derived total count" time="0.013518977">
        </testcase>
        <testcase classname="src/app/features/book/service/book-state.service.spec.ts" name="BookStateService &gt; invalidates paged cache by entity and by book ids using the shared state cache" time="0.022931705">
        </testcase>
    </testsuite>
    <testsuite name="src/app/features/book/service/directory-filter.service.spec.ts" timestamp="2026-05-30T00:02:13.463Z" hostname="d08c345ea9ad" tests="2" failures="0" errors="0" skipped="0" time="0.038033868">
        <testcase classname="src/app/features/book/service/directory-filter.service.spec.ts" name="DirectoryFilterService &gt; clears only the active matching scope" time="0.01945654">
        </testcase>
        <testcase classname="src/app/features/book/service/directory-filter.service.spec.ts" name="DirectoryFilterService &gt; does not clear a different scope" time="0.00485111">
        </testcase>
    </testsuite>
    <testsuite name="src/app/features/book/service/directory-tree.service.spec.ts" timestamp="2026-05-30T00:02:13.465Z" hostname="d08c345ea9ad" tests="1" failures="0" errors="0" skipped="0" time="0.128521576">
        <testcase classname="src/app/features/book/service/directory-tree.service.spec.ts" name="DirectoryTreeService &gt; sorts root folders by visible folder name and child folders alphabetically" time="0.109937766">
        </testcase>
    </testsuite>
    <testsuite name="src/app/features/book/service/library-health.service.spec.ts" timestamp="2026-05-30T00:02:13.467Z" hostname="d08c345ea9ad" tests="6" failures="0" errors="0" skipped="0" time="0.253294966">
        <testcase classname="src/app/features/book/service/library-health.service.spec.ts" name="LibraryHealthService &gt; should fetch initial health on initialize" time="0.143819257">
        </testcase>
        <testcase classname="src/app/features/book/service/library-health.service.spec.ts" name="LibraryHealthService &gt; should emit unhealthy for a library with false health" time="0.021021733">
        </testcase>
        <testcase classname="src/app/features/book/service/library-health.service.spec.ts" name="LibraryHealthService &gt; should emit healthy for a library with true health" time="0.008987925">
        </testcase>
        <testcase classname="src/app/features/book/service/library-health.service.spec.ts" name="LibraryHealthService &gt; should emit false for unknown library" time="0.008042973">
        </testcase>
        <testcase classname="src/app/features/book/service/library-health.service.spec.ts" name="LibraryHealthService &gt; should update state from websocket messages" time="0.020540555">
        </testcase>
        <testcase classname="src/app/features/book/service/library-health.service.spec.ts" name="LibraryHealthService &gt; should use distinctUntilChanged to avoid duplicate emissions" time="0.020526777">
        </testcase>
    </testsuite>
    <testsuite name="src/app/features/book/service/library-shelf-menu.service.spec.ts" timestamp="2026-05-30T00:02:13.471Z" hostname="d08c345ea9ad" tests="6" failures="0" errors="0" skipped="0" time="0.100479634">
        <testcase classname="src/app/features/book/service/library-shelf-menu.service.spec.ts" name="LibraryShelfMenuService &gt; includes separate settings, directories, scan, and maintenance actions for libraries" time="0.038896957">
        </testcase>
        <testcase classname="src/app/features/book/service/library-shelf-menu.service.spec.ts" name="LibraryShelfMenuService &gt; keeps settings, directories, and maintenance grouped at the bottom above delete" time="0.008826173">
        </testcase>
        <testcase classname="src/app/features/book/service/library-shelf-menu.service.spec.ts" name="LibraryShelfMenuService &gt; opens separate dialogs for library settings and directory management" time="0.010771448">
        </testcase>
        <testcase classname="src/app/features/book/service/library-shelf-menu.service.spec.ts" name="LibraryShelfMenuService &gt; runs scan-for-new-files through the dedicated library service method" time="0.011006988">
        </testcase>
        <testcase classname="src/app/features/book/service/library-shelf-menu.service.spec.ts" name="LibraryShelfMenuService &gt; opens the maintenance dialog for risky library-wide actions" time="0.009532186">
        </testcase>
        <testcase classname="src/app/features/book/service/library-shelf-menu.service.spec.ts" name="LibraryShelfMenuService &gt; shows an error toast when the new-file scan fails" time="0.014119155">
        </testcase>
    </testsuite>
    <testsuite name="src/app/features/book/service/media-type-preferences.service.spec.ts" timestamp="2026-05-30T00:02:13.476Z" hostname="d08c345ea9ad" tests="1" failures="0" errors="0" skipped="0" time="0.165961799">
        <testcase classname="src/app/features/book/service/media-type-preferences.service.spec.ts" name="MediaTypePreferencesService &gt; filters reserved PHYSICAL values from custom and recent media type settings" time="0.151068162">
        </testcase>
    </testsuite>
    <testsuite name="src/app/features/book/service/paged-book-browser-state.service.spec.ts" timestamp="2026-05-30T00:02:13.478Z" hostname="d08c345ea9ad" tests="5" failures="0" errors="0" skipped="0" time="0.177790947">
        <testcase classname="src/app/features/book/service/paged-book-browser-state.service.spec.ts" name="PagedBookBrowserStateService &gt; starts in legacy mode with an empty cache" time="0.083998671">
        </testcase>
        <testcase classname="src/app/features/book/service/paged-book-browser-state.service.spec.ts" name="PagedBookBrowserStateService &gt; builds a stable request key and cache key from paged params" time="0.01244216">
        </testcase>
        <testcase classname="src/app/features/book/service/paged-book-browser-state.service.spec.ts" name="PagedBookBrowserStateService &gt; stores pages, marks loading, and invalidates by entity and book ids" time="0.019711144">
        </testcase>
        <testcase classname="src/app/features/book/service/paged-book-browser-state.service.spec.ts" name="PagedBookBrowserStateService &gt; patches cached books in place and keeps the shared paged cache synchronized" time="0.008192855">
        </testcase>
        <testcase classname="src/app/features/book/service/paged-book-browser-state.service.spec.ts" name="PagedBookBrowserStateService &gt; resolves books by preferring cache, then full state, then API" time="0.038565389">
        </testcase>
    </testsuite>
    <testsuite name="src/app/features/book/service/paged-grid-pilot.service.spec.ts" timestamp="2026-05-30T00:02:13.482Z" hostname="d08c345ea9ad" tests="17" failures="0" errors="0" skipped="0" time="0.350813565">
        <testcase classname="src/app/features/book/service/paged-grid-pilot.service.spec.ts" name="PagedGridPilotService &gt; waits for page zero on a fresh All Books query even when legacy data is available" time="0.104567711">
        </testcase>
        <testcase classname="src/app/features/book/service/paged-grid-pilot.service.spec.ts" name="PagedGridPilotService &gt; keeps a larger runway prefetched and appends another page on scroll" time="0.039392427">
        </testcase>
        <testcase classname="src/app/features/book/service/paged-grid-pilot.service.spec.ts" name="PagedGridPilotService &gt; does not duplicate the initial request when the same query reconnects before page zero returns" time="0.021125643">
        </testcase>
        <testcase classname="src/app/features/book/service/paged-grid-pilot.service.spec.ts" name="PagedGridPilotService &gt; refetches page zero after the All Books cache is invalidated" time="0.017295317">
        </testcase>
        <testcase classname="src/app/features/book/service/paged-grid-pilot.service.spec.ts" name="PagedGridPilotService &gt; surfaces explicit legacy status for legacy-only routes" time="0.015873571">
        </testcase>
        <testcase classname="src/app/features/book/service/paged-grid-pilot.service.spec.ts" name="PagedGridPilotService &gt; uses library-specific request keys and refetches the active library query after invalidation" time="0.016373152">
        </testcase>
        <testcase classname="src/app/features/book/service/paged-grid-pilot.service.spec.ts" name="PagedGridPilotService &gt; uses unshelved request keys and refetches the active Not Shelfed query after invalidation" time="0.012256075">
        </testcase>
        <testcase classname="src/app/features/book/service/paged-grid-pilot.service.spec.ts" name="PagedGridPilotService &gt; uses shelf-specific request keys and refetches the active shelf query after invalidation" time="0.014289858">
        </testcase>
        <testcase classname="src/app/features/book/service/paged-grid-pilot.service.spec.ts" name="PagedGridPilotService &gt; uses the paged path for title sorting when the server contract supports it" time="0.020592614">
        </testcase>
        <testcase classname="src/app/features/book/service/paged-grid-pilot.service.spec.ts" name="PagedGridPilotService &gt; uses the paged path for file name sorting when the server contract supports primary-file ordering" time="0.015265364">
        </testcase>
        <testcase classname="src/app/features/book/service/paged-grid-pilot.service.spec.ts" name="PagedGridPilotService &gt; uses the paged path for supported user-progress sorting" time="0.008325835">
        </testcase>
        <testcase classname="src/app/features/book/service/paged-grid-pilot.service.spec.ts" name="PagedGridPilotService &gt; falls back to the legacy path for unsupported computed sorting" time="0.008855849">
        </testcase>
        <testcase classname="src/app/features/book/service/paged-grid-pilot.service.spec.ts" name="PagedGridPilotService &gt; falls back to the legacy path when the request uses unsupported filter keys" time="0.008749538">
        </testcase>
        <testcase classname="src/app/features/book/service/paged-grid-pilot.service.spec.ts" name="PagedGridPilotService &gt; uses the paged path for custom media type filtering when the request stays within contract" time="0.009669434">
        </testcase>
        <testcase classname="src/app/features/book/service/paged-grid-pilot.service.spec.ts" name="PagedGridPilotService &gt; uses the paged path for guarded table view and active search terms" time="0.012314706">
        </testcase>
        <testcase classname="src/app/features/book/service/paged-grid-pilot.service.spec.ts" name="PagedGridPilotService &gt; uses the paged path for shelf and unshelved routes when the request stays within contract" time="0.008965036">
        </testcase>
        <testcase classname="src/app/features/book/service/paged-grid-pilot.service.spec.ts" name="PagedGridPilotService &gt; falls back to the legacy path when the paged request fails" time="0.006801244">
        </testcase>
    </testsuite>
    <testsuite name="src/app/features/book/service/server-filter-adapter.service.spec.ts" timestamp="2026-05-30T00:02:13.496Z" hostname="d08c345ea9ad" tests="4" failures="0" errors="0" skipped="0" time="0.262499423">
        <testcase classname="src/app/features/book/service/server-filter-adapter.service.spec.ts" name="ServerFilterAdapter &gt; builds server multi-sort params from browser sort criteria" time="0.169580452">
        </testcase>
        <testcase classname="src/app/features/book/service/server-filter-adapter.service.spec.ts" name="ServerFilterAdapter &gt; reports unsupported sort fields and filter keys for guarded fallback decisions" time="0.035010166">
        </testcase>
        <testcase classname="src/app/features/book/service/server-filter-adapter.service.spec.ts" name="ServerFilterAdapter &gt; translates supported browser filters and leaves unsupported ones on the client path" time="0.012879599">
        </testcase>
        <testcase classname="src/app/features/book/service/server-filter-adapter.service.spec.ts" name="ServerFilterAdapter &gt; merges partial param objects with later values taking precedence" time="0.022283135">
        </testcase>
    </testsuite>
    <testsuite name="src/app/features/book/service/sort.service.spec.ts" timestamp="2026-05-30T00:02:13.502Z" hostname="d08c345ea9ad" tests="3" failures="0" errors="0" skipped="0" time="0.042015437">
        <testcase classname="src/app/features/book/service/sort.service.spec.ts" name="SortService fileName sorting &gt; falls back to the primary file name when the top-level file name is missing" time="0.019782913">
        </testcase>
        <testcase classname="src/app/features/book/service/sort.service.spec.ts" name="SortService fileName sorting &gt; sorts numeric filename chunks naturally" time="0.005506708">
        </testcase>
        <testcase classname="src/app/features/book/service/sort.service.spec.ts" name="SortService fileName sorting &gt; sorts zero-padded title numbers naturally" time="0.003853639">
        </testcase>
    </testsuite>
    <testsuite name="src/app/features/dashboard/services/dashboard-config.service.spec.ts" timestamp="2026-05-30T00:02:13.507Z" hostname="d08c345ea9ad" tests="1" failures="0" errors="0" skipped="0" time="0.100078599">
        <testcase classname="src/app/features/dashboard/services/dashboard-config.service.spec.ts" name="DashboardConfigService &gt; normalizes dashboard configs from user settings while preserving persisted layout fields" time="0.09140516">
        </testcase>
    </testsuite>
    <testsuite name="src/app/features/magic-shelf/service/book-rule-evaluator-metadata-presence.spec.ts" timestamp="2026-05-30T00:02:13.509Z" hostname="d08c345ea9ad" tests="85" failures="0" errors="0" skipped="0" time="0.581100808">
        <testcase classname="src/app/features/magic-shelf/service/book-rule-evaluator-metadata-presence.spec.ts" name="BookRuleEvaluatorService - metadataPresence &gt; string fields &gt; should detect present title" time="0.071935447">
        </testcase>
        <testcase classname="src/app/features/magic-shelf/service/book-rule-evaluator-metadata-presence.spec.ts" name="BookRuleEvaluatorService - metadataPresence &gt; string fields &gt; should detect missing title" time="0.008344578">
        </testcase>
        <testcase classname="src/app/features/magic-shelf/service/book-rule-evaluator-metadata-presence.spec.ts" name="BookRuleEvaluatorService - metadataPresence &gt; string fields &gt; should treat empty string as absent" time="0.007339885">
        </testcase>
        <testcase classname="src/app/features/magic-shelf/service/book-rule-evaluator-metadata-presence.spec.ts" name="BookRuleEvaluatorService - metadataPresence &gt; string fields &gt; should treat whitespace-only string as absent" time="0.007126885">
        </testcase>
        <testcase classname="src/app/features/magic-shelf/service/book-rule-evaluator-metadata-presence.spec.ts" name="BookRuleEvaluatorService - metadataPresence &gt; string fields &gt; should detect present subtitle" time="0.007133151">
        </testcase>
        <testcase classname="src/app/features/magic-shelf/service/book-rule-evaluator-metadata-presence.spec.ts" name="BookRuleEvaluatorService - metadataPresence &gt; string fields &gt; should detect missing subtitle" time="0.006043277">
        </testcase>
        <testcase classname="src/app/features/magic-shelf/service/book-rule-evaluator-metadata-presence.spec.ts" name="BookRuleEvaluatorService - metadataPresence &gt; string fields &gt; should detect present description" time="0.006519958">
        </testcase>
        <testcase classname="src/app/features/magic-shelf/service/book-rule-evaluator-metadata-presence.spec.ts" name="BookRuleEvaluatorService - metadataPresence &gt; string fields &gt; should detect missing description" time="0.006365824">
        </testcase>
        <testcase classname="src/app/features/magic-shelf/service/book-rule-evaluator-metadata-presence.spec.ts" name="BookRuleEvaluatorService - metadataPresence &gt; string fields &gt; should detect present publisher" time="0.012204728">
        </testcase>
        <testcase classname="src/app/features/magic-shelf/service/book-rule-evaluator-metadata-presence.spec.ts" name="BookRuleEvaluatorService - metadataPresence &gt; string fields &gt; should detect present publishedDate" time="0.006809434">
        </testcase>
        <testcase classname="src/app/features/magic-shelf/service/book-rule-evaluator-metadata-presence.spec.ts" name="BookRuleEvaluatorService - metadataPresence &gt; string fields &gt; should detect missing publishedDate" time="0.005469125">
        </testcase>
        <testcase classname="src/app/features/magic-shelf/service/book-rule-evaluator-metadata-presence.spec.ts" name="BookRuleEvaluatorService - metadataPresence &gt; string fields &gt; should detect present language" time="0.019997929">
        </testcase>
        <testcase classname="src/app/features/magic-shelf/service/book-rule-evaluator-metadata-presence.spec.ts" name="BookRuleEvaluatorService - metadataPresence &gt; string fields &gt; should detect present thumbnailUrl" time="0.004924658">
        </testcase>
        <testcase classname="src/app/features/magic-shelf/service/book-rule-evaluator-metadata-presence.spec.ts" name="BookRuleEvaluatorService - metadataPresence &gt; string fields &gt; should detect missing thumbnailUrl" time="0.005129845">
        </testcase>
        <testcase classname="src/app/features/magic-shelf/service/book-rule-evaluator-metadata-presence.spec.ts" name="BookRuleEvaluatorService - metadataPresence &gt; string fields &gt; should detect present narrator" time="0.005150824">
        </testcase>
        <testcase classname="src/app/features/magic-shelf/service/book-rule-evaluator-metadata-presence.spec.ts" name="BookRuleEvaluatorService - metadataPresence &gt; string fields &gt; should detect present contentRating" time="0.004464885">
        </testcase>
        <testcase classname="src/app/features/magic-shelf/service/book-rule-evaluator-metadata-presence.spec.ts" name="BookRuleEvaluatorService - metadataPresence &gt; string fields &gt; should detect present seriesName" time="0.005174454">
        </testcase>
        <testcase classname="src/app/features/magic-shelf/service/book-rule-evaluator-metadata-presence.spec.ts" name="BookRuleEvaluatorService - metadataPresence &gt; string fields &gt; should detect missing seriesName" time="0.004962142">
        </testcase>
        <testcase classname="src/app/features/magic-shelf/service/book-rule-evaluator-metadata-presence.spec.ts" name="BookRuleEvaluatorService - metadataPresence &gt; identifier fields &gt; should detect present isbn13" time="0.005182258">
        </testcase>
        <testcase classname="src/app/features/magic-shelf/service/book-rule-evaluator-metadata-presence.spec.ts" name="BookRuleEvaluatorService - metadataPresence &gt; identifier fields &gt; should detect missing isbn13" time="0.005098145">
        </testcase>
        <testcase classname="src/app/features/magic-shelf/service/book-rule-evaluator-metadata-presence.spec.ts" name="BookRuleEvaluatorService - metadataPresence &gt; identifier fields &gt; should detect present isbn10" time="0.005458429">
        </testcase>
        <testcase classname="src/app/features/magic-shelf/service/book-rule-evaluator-metadata-presence.spec.ts" name="BookRuleEvaluatorService - metadataPresence &gt; identifier fields &gt; should detect present asin" time="0.005375713">
        </testcase>
        <testcase classname="src/app/features/magic-shelf/service/book-rule-evaluator-metadata-presence.spec.ts" name="BookRuleEvaluatorService - metadataPresence &gt; identifier fields &gt; should detect missing asin" time="0.005523787">
        </testcase>
        <testcase classname="src/app/features/magic-shelf/service/book-rule-evaluator-metadata-presence.spec.ts" name="BookRuleEvaluatorService - metadataPresence &gt; numeric fields &gt; should detect present pageCount" time="0.005189853">
        </testcase>
        <testcase classname="src/app/features/magic-shelf/service/book-rule-evaluator-metadata-presence.spec.ts" name="BookRuleEvaluatorService - metadataPresence &gt; numeric fields &gt; should detect missing pageCount" time="0.006968961">
        </testcase>
        <testcase classname="src/app/features/magic-shelf/service/book-rule-evaluator-metadata-presence.spec.ts" name="BookRuleEvaluatorService - metadataPresence &gt; numeric fields &gt; should treat zero pageCount as present" time="0.005305513">
        </testcase>
        <testcase classname="src/app/features/magic-shelf/service/book-rule-evaluator-metadata-presence.spec.ts" name="BookRuleEvaluatorService - metadataPresence &gt; numeric fields &gt; should detect present seriesNumber" time="0.005546731">
        </testcase>
        <testcase classname="src/app/features/magic-shelf/service/book-rule-evaluator-metadata-presence.spec.ts" name="BookRuleEvaluatorService - metadataPresence &gt; numeric fields &gt; should detect present seriesTotal" time="0.005278652">
        </testcase>
        <testcase classname="src/app/features/magic-shelf/service/book-rule-evaluator-metadata-presence.spec.ts" name="BookRuleEvaluatorService - metadataPresence &gt; numeric fields &gt; should detect present ageRating" time="0.008438365">
        </testcase>
        <testcase classname="src/app/features/magic-shelf/service/book-rule-evaluator-metadata-presence.spec.ts" name="BookRuleEvaluatorService - metadataPresence &gt; array fields &gt; should detect present authors" time="0.00702732">
        </testcase>
        <testcase classname="src/app/features/magic-shelf/service/book-rule-evaluator-metadata-presence.spec.ts" name="BookRuleEvaluatorService - metadataPresence &gt; array fields &gt; should detect empty authors as absent" time="0.007301418">
        </testcase>
        <testcase classname="src/app/features/magic-shelf/service/book-rule-evaluator-metadata-presence.spec.ts" name="BookRuleEvaluatorService - metadataPresence &gt; array fields &gt; should detect missing authors (undefined) as absent" time="0.005399189">
        </testcase>
        <testcase classname="src/app/features/magic-shelf/service/book-rule-evaluator-metadata-presence.spec.ts" name="BookRuleEvaluatorService - metadataPresence &gt; array fields &gt; should detect present categories" time="0.005113194">
        </testcase>
        <testcase classname="src/app/features/magic-shelf/service/book-rule-evaluator-metadata-presence.spec.ts" name="BookRuleEvaluatorService - metadataPresence &gt; array fields &gt; should detect empty categories as absent" time="0.006047347">
        </testcase>
        <testcase classname="src/app/features/magic-shelf/service/book-rule-evaluator-metadata-presence.spec.ts" name="BookRuleEvaluatorService - metadataPresence &gt; array fields &gt; should detect present moods" time="0.00745745">
        </testcase>
        <testcase classname="src/app/features/magic-shelf/service/book-rule-evaluator-metadata-presence.spec.ts" name="BookRuleEvaluatorService - metadataPresence &gt; array fields &gt; should detect missing moods as absent" time="0.004671539">
        </testcase>
        <testcase classname="src/app/features/magic-shelf/service/book-rule-evaluator-metadata-presence.spec.ts" name="BookRuleEvaluatorService - metadataPresence &gt; array fields &gt; should detect present tags" time="0.006571297">
        </testcase>
        <testcase classname="src/app/features/magic-shelf/service/book-rule-evaluator-metadata-presence.spec.ts" name="BookRuleEvaluatorService - metadataPresence &gt; array fields &gt; should detect missing tags as absent" time="0.007724966">
        </testcase>
        <testcase classname="src/app/features/magic-shelf/service/book-rule-evaluator-metadata-presence.spec.ts" name="BookRuleEvaluatorService - metadataPresence &gt; rating fields &gt; should detect present personalRating" time="0.006022336">
        </testcase>
        <testcase classname="src/app/features/magic-shelf/service/book-rule-evaluator-metadata-presence.spec.ts" name="BookRuleEvaluatorService - metadataPresence &gt; rating fields &gt; should detect missing personalRating" time="0.005212025">
        </testcase>
        <testcase classname="src/app/features/magic-shelf/service/book-rule-evaluator-metadata-presence.spec.ts" name="BookRuleEvaluatorService - metadataPresence &gt; rating fields &gt; should detect present amazonRating" time="0.00565827">
        </testcase>
        <testcase classname="src/app/features/magic-shelf/service/book-rule-evaluator-metadata-presence.spec.ts" name="BookRuleEvaluatorService - metadataPresence &gt; rating fields &gt; should detect missing amazonRating" time="0.005829683">
        </testcase>
        <testcase classname="src/app/features/magic-shelf/service/book-rule-evaluator-metadata-presence.spec.ts" name="BookRuleEvaluatorService - metadataPresence &gt; rating fields &gt; should detect present goodreadsRating" time="0.004473582">
        </testcase>
        <testcase classname="src/app/features/magic-shelf/service/book-rule-evaluator-metadata-presence.spec.ts" name="BookRuleEvaluatorService - metadataPresence &gt; rating fields &gt; should detect present hardcoverRating" time="0.00459831">
        </testcase>
        <testcase classname="src/app/features/magic-shelf/service/book-rule-evaluator-metadata-presence.spec.ts" name="BookRuleEvaluatorService - metadataPresence &gt; rating fields &gt; should detect present ranobedbRating" time="0.02342592">
        </testcase>
        <testcase classname="src/app/features/magic-shelf/service/book-rule-evaluator-metadata-presence.spec.ts" name="BookRuleEvaluatorService - metadataPresence &gt; rating fields &gt; should detect present lubimyczytacRating" time="0.004494588">
        </testcase>
        <testcase classname="src/app/features/magic-shelf/service/book-rule-evaluator-metadata-presence.spec.ts" name="BookRuleEvaluatorService - metadataPresence &gt; rating fields &gt; should detect present audibleRating" time="0.004930189">
        </testcase>
        <testcase classname="src/app/features/magic-shelf/service/book-rule-evaluator-metadata-presence.spec.ts" name="BookRuleEvaluatorService - metadataPresence &gt; review count fields &gt; should detect present amazonReviewCount" time="0.004648977">
        </testcase>
        <testcase classname="src/app/features/magic-shelf/service/book-rule-evaluator-metadata-presence.spec.ts" name="BookRuleEvaluatorService - metadataPresence &gt; review count fields &gt; should detect missing amazonReviewCount" time="0.004330811">
        </testcase>
        <testcase classname="src/app/features/magic-shelf/service/book-rule-evaluator-metadata-presence.spec.ts" name="BookRuleEvaluatorService - metadataPresence &gt; review count fields &gt; should detect present goodreadsReviewCount" time="0.005051983">
        </testcase>
        <testcase classname="src/app/features/magic-shelf/service/book-rule-evaluator-metadata-presence.spec.ts" name="BookRuleEvaluatorService - metadataPresence &gt; review count fields &gt; should detect present hardcoverReviewCount" time="0.004315024">
        </testcase>
        <testcase classname="src/app/features/magic-shelf/service/book-rule-evaluator-metadata-presence.spec.ts" name="BookRuleEvaluatorService - metadataPresence &gt; review count fields &gt; should detect present audibleReviewCount" time="0.007096867">
        </testcase>
        <testcase classname="src/app/features/magic-shelf/service/book-rule-evaluator-metadata-presence.spec.ts" name="BookRuleEvaluatorService - metadataPresence &gt; external ID fields &gt; should detect present goodreadsId" time="0.004285728">
        </testcase>
        <testcase classname="src/app/features/magic-shelf/service/book-rule-evaluator-metadata-presence.spec.ts" name="BookRuleEvaluatorService - metadataPresence &gt; external ID fields &gt; should detect missing goodreadsId" time="0.003726419">
        </testcase>
        <testcase classname="src/app/features/magic-shelf/service/book-rule-evaluator-metadata-presence.spec.ts" name="BookRuleEvaluatorService - metadataPresence &gt; external ID fields &gt; should detect present hardcoverId" time="0.004223932">
        </testcase>
        <testcase classname="src/app/features/magic-shelf/service/book-rule-evaluator-metadata-presence.spec.ts" name="BookRuleEvaluatorService - metadataPresence &gt; external ID fields &gt; should detect present googleId" time="0.003772969">
        </testcase>
        <testcase classname="src/app/features/magic-shelf/service/book-rule-evaluator-metadata-presence.spec.ts" name="BookRuleEvaluatorService - metadataPresence &gt; external ID fields &gt; should detect present audibleId" time="0.00443815">
        </testcase>
        <testcase classname="src/app/features/magic-shelf/service/book-rule-evaluator-metadata-presence.spec.ts" name="BookRuleEvaluatorService - metadataPresence &gt; external ID fields &gt; should detect present lubimyczytacId" time="0.004221141">
        </testcase>
        <testcase classname="src/app/features/magic-shelf/service/book-rule-evaluator-metadata-presence.spec.ts" name="BookRuleEvaluatorService - metadataPresence &gt; external ID fields &gt; should detect present ranobedbId" time="0.004066056">
        </testcase>
        <testcase classname="src/app/features/magic-shelf/service/book-rule-evaluator-metadata-presence.spec.ts" name="BookRuleEvaluatorService - metadataPresence &gt; external ID fields &gt; should detect present comicvineId" time="0.004202417">
        </testcase>
        <testcase classname="src/app/features/magic-shelf/service/book-rule-evaluator-metadata-presence.spec.ts" name="BookRuleEvaluatorService - metadataPresence &gt; external ID fields &gt; should detect missing comicvineId" time="0.003775997">
        </testcase>
        <testcase classname="src/app/features/magic-shelf/service/book-rule-evaluator-metadata-presence.spec.ts" name="BookRuleEvaluatorService - metadataPresence &gt; boolean fields &gt; should detect present abridged (true)" time="0.003780221">
        </testcase>
        <testcase classname="src/app/features/magic-shelf/service/book-rule-evaluator-metadata-presence.spec.ts" name="BookRuleEvaluatorService - metadataPresence &gt; boolean fields &gt; should detect present abridged (false)" time="0.003860441">
        </testcase>
        <testcase classname="src/app/features/magic-shelf/service/book-rule-evaluator-metadata-presence.spec.ts" name="BookRuleEvaluatorService - metadataPresence &gt; boolean fields &gt; should detect missing abridged" time="0.004128171">
        </testcase>
        <testcase classname="src/app/features/magic-shelf/service/book-rule-evaluator-metadata-presence.spec.ts" name="BookRuleEvaluatorService - metadataPresence &gt; audiobook fields &gt; should detect present audiobookDuration" time="0.003903327">
        </testcase>
        <testcase classname="src/app/features/magic-shelf/service/book-rule-evaluator-metadata-presence.spec.ts" name="BookRuleEvaluatorService - metadataPresence &gt; audiobook fields &gt; should detect missing audiobookDuration (no audiobookMetadata)" time="0.004442701">
        </testcase>
        <testcase classname="src/app/features/magic-shelf/service/book-rule-evaluator-metadata-presence.spec.ts" name="BookRuleEvaluatorService - metadataPresence &gt; audiobook fields &gt; should detect zero audiobookDuration as present" time="0.003871117">
        </testcase>
        <testcase classname="src/app/features/magic-shelf/service/book-rule-evaluator-metadata-presence.spec.ts" name="BookRuleEvaluatorService - metadataPresence &gt; comic metadata fields &gt; should detect present comicCharacters" time="0.003894323">
        </testcase>
        <testcase classname="src/app/features/magic-shelf/service/book-rule-evaluator-metadata-presence.spec.ts" name="BookRuleEvaluatorService - metadataPresence &gt; comic metadata fields &gt; should detect empty comicCharacters as absent" time="0.004113204">
        </testcase>
        <testcase classname="src/app/features/magic-shelf/service/book-rule-evaluator-metadata-presence.spec.ts" name="BookRuleEvaluatorService - metadataPresence &gt; comic metadata fields &gt; should detect missing comicCharacters (no comicMetadata)" time="0.004280103">
        </testcase>
        <testcase classname="src/app/features/magic-shelf/service/book-rule-evaluator-metadata-presence.spec.ts" name="BookRuleEvaluatorService - metadataPresence &gt; comic metadata fields &gt; should detect present comicTeams" time="0.004307749">
        </testcase>
        <testcase classname="src/app/features/magic-shelf/service/book-rule-evaluator-metadata-presence.spec.ts" name="BookRuleEvaluatorService - metadataPresence &gt; comic metadata fields &gt; should detect present comicLocations" time="0.004126718">
        </testcase>
        <testcase classname="src/app/features/magic-shelf/service/book-rule-evaluator-metadata-presence.spec.ts" name="BookRuleEvaluatorService - metadataPresence &gt; comic metadata fields &gt; should detect present comicPencillers" time="0.004899605">
        </testcase>
        <testcase classname="src/app/features/magic-shelf/service/book-rule-evaluator-metadata-presence.spec.ts" name="BookRuleEvaluatorService - metadataPresence &gt; comic metadata fields &gt; should detect present comicInkers" time="0.003932828">
        </testcase>
        <testcase classname="src/app/features/magic-shelf/service/book-rule-evaluator-metadata-presence.spec.ts" name="BookRuleEvaluatorService - metadataPresence &gt; comic metadata fields &gt; should detect present comicColorists" time="0.003948756">
        </testcase>
        <testcase classname="src/app/features/magic-shelf/service/book-rule-evaluator-metadata-presence.spec.ts" name="BookRuleEvaluatorService - metadataPresence &gt; comic metadata fields &gt; should detect present comicLetterers" time="0.003760519">
        </testcase>
        <testcase classname="src/app/features/magic-shelf/service/book-rule-evaluator-metadata-presence.spec.ts" name="BookRuleEvaluatorService - metadataPresence &gt; comic metadata fields &gt; should detect present comicCoverArtists" time="0.003939885">
        </testcase>
        <testcase classname="src/app/features/magic-shelf/service/book-rule-evaluator-metadata-presence.spec.ts" name="BookRuleEvaluatorService - metadataPresence &gt; comic metadata fields &gt; should detect present comicEditors" time="0.003660488">
        </testcase>
        <testcase classname="src/app/features/magic-shelf/service/book-rule-evaluator-metadata-presence.spec.ts" name="BookRuleEvaluatorService - metadataPresence &gt; edge cases &gt; should return false for unknown metadata field" time="0.003868829">
        </testcase>
        <testcase classname="src/app/features/magic-shelf/service/book-rule-evaluator-metadata-presence.spec.ts" name="BookRuleEvaluatorService - metadataPresence &gt; edge cases &gt; should handle book with no metadata" time="0.005051718">
        </testcase>
        <testcase classname="src/app/features/magic-shelf/service/book-rule-evaluator-metadata-presence.spec.ts" name="BookRuleEvaluatorService - metadataPresence &gt; edge cases &gt; should handle non-string rule value gracefully" time="0.00413299">
        </testcase>
        <testcase classname="src/app/features/magic-shelf/service/book-rule-evaluator-metadata-presence.spec.ts" name="BookRuleEvaluatorService - metadataPresence &gt; edge cases &gt; should not require allBooks parameter" time="0.021115438">
        </testcase>
        <testcase classname="src/app/features/magic-shelf/service/book-rule-evaluator-metadata-presence.spec.ts" name="BookRuleEvaluatorService - metadataPresence &gt; combined rules &gt; should match books missing cover OR description" time="0.004023778">
        </testcase>
        <testcase classname="src/app/features/magic-shelf/service/book-rule-evaluator-metadata-presence.spec.ts" name="BookRuleEvaluatorService - metadataPresence &gt; combined rules &gt; should match books with complete identifiers" time="0.004030047">
        </testcase>
        <testcase classname="src/app/features/magic-shelf/service/book-rule-evaluator-metadata-presence.spec.ts" name="BookRuleEvaluatorService - metadataPresence &gt; combined rules &gt; should work with non-metadataPresence rules in same group" time="0.004836892">
        </testcase>
    </testsuite>
    <testsuite name="src/app/features/magic-shelf/service/book-rule-evaluator.service.spec.ts" timestamp="2026-05-30T00:02:13.564Z" hostname="d08c345ea9ad" tests="199" failures="0" errors="0" skipped="0" time="1.13592009">
        <testcase classname="src/app/features/magic-shelf/service/book-rule-evaluator.service.spec.ts" name="BookRuleEvaluatorService &gt; fileType filtering &gt; should filter EPUB books correctly when rule uses &quot;epub&quot;" time="0.055946358">
        </testcase>
        <testcase classname="src/app/features/magic-shelf/service/book-rule-evaluator.service.spec.ts" name="BookRuleEvaluatorService &gt; fileType filtering &gt; should filter PDF books correctly when rule uses &quot;pdf&quot;" time="0.008968302">
        </testcase>
        <testcase classname="src/app/features/magic-shelf/service/book-rule-evaluator.service.spec.ts" name="BookRuleEvaluatorService &gt; fileType filtering &gt; should handle CBX books correctly for cbr, cbz, and cb7 rules" time="0.006993606">
        </testcase>
        <testcase classname="src/app/features/magic-shelf/service/book-rule-evaluator.service.spec.ts" name="BookRuleEvaluatorService &gt; fileType filtering &gt; should handle not_equals operator correctly" time="0.00578554">
        </testcase>
        <testcase classname="src/app/features/magic-shelf/service/book-rule-evaluator.service.spec.ts" name="BookRuleEvaluatorService &gt; fileType filtering &gt; should filter EPUB books correctly when rule uses &quot;not_equals&quot; with &quot;epub&quot;" time="0.005616067">
        </testcase>
        <testcase classname="src/app/features/magic-shelf/service/book-rule-evaluator.service.spec.ts" name="BookRuleEvaluatorService &gt; evaluateGroup &gt; should evaluate group rules with AND logic" time="0.004865404">
        </testcase>
        <testcase classname="src/app/features/magic-shelf/service/book-rule-evaluator.service.spec.ts" name="BookRuleEvaluatorService &gt; evaluateGroup &gt; should evaluate group rules with OR logic" time="0.004410872">
        </testcase>
        <testcase classname="src/app/features/magic-shelf/service/book-rule-evaluator.service.spec.ts" name="BookRuleEvaluatorService &gt; within_last operator &gt; should match addedOn within last 30 days" time="0.006261655">
        </testcase>
        <testcase classname="src/app/features/magic-shelf/service/book-rule-evaluator.service.spec.ts" name="BookRuleEvaluatorService &gt; within_last operator &gt; should not match addedOn older than 30 days for within_last 30 days" time="0.008033384">
        </testcase>
        <testcase classname="src/app/features/magic-shelf/service/book-rule-evaluator.service.spec.ts" name="BookRuleEvaluatorService &gt; within_last operator &gt; should work with weeks unit" time="0.005881477">
        </testcase>
        <testcase classname="src/app/features/magic-shelf/service/book-rule-evaluator.service.spec.ts" name="BookRuleEvaluatorService &gt; within_last operator &gt; should work with months unit" time="0.004733185">
        </testcase>
        <testcase classname="src/app/features/magic-shelf/service/book-rule-evaluator.service.spec.ts" name="BookRuleEvaluatorService &gt; within_last operator &gt; should work with years unit" time="0.004573956">
        </testcase>
        <testcase classname="src/app/features/magic-shelf/service/book-rule-evaluator.service.spec.ts" name="BookRuleEvaluatorService &gt; within_last operator &gt; should work with dateFinished" time="0.004128922">
        </testcase>
        <testcase classname="src/app/features/magic-shelf/service/book-rule-evaluator.service.spec.ts" name="BookRuleEvaluatorService &gt; within_last operator &gt; should work with lastReadTime" time="0.004028972">
        </testcase>
        <testcase classname="src/app/features/magic-shelf/service/book-rule-evaluator.service.spec.ts" name="BookRuleEvaluatorService &gt; within_last operator &gt; should work with publishedDate" time="0.004103653">
        </testcase>
        <testcase classname="src/app/features/magic-shelf/service/book-rule-evaluator.service.spec.ts" name="BookRuleEvaluatorService &gt; within_last operator &gt; should return false for null date" time="0.003643452">
        </testcase>
        <testcase classname="src/app/features/magic-shelf/service/book-rule-evaluator.service.spec.ts" name="BookRuleEvaluatorService &gt; within_last operator &gt; should return false for non-date field" time="0.003529168">
        </testcase>
        <testcase classname="src/app/features/magic-shelf/service/book-rule-evaluator.service.spec.ts" name="BookRuleEvaluatorService &gt; older_than operator &gt; should match addedOn older than 30 days" time="0.003555783">
        </testcase>
        <testcase classname="src/app/features/magic-shelf/service/book-rule-evaluator.service.spec.ts" name="BookRuleEvaluatorService &gt; older_than operator &gt; should not match recent addedOn for older_than 30 days" time="0.004422295">
        </testcase>
        <testcase classname="src/app/features/magic-shelf/service/book-rule-evaluator.service.spec.ts" name="BookRuleEvaluatorService &gt; older_than operator &gt; should work with months unit" time="0.004313684">
        </testcase>
        <testcase classname="src/app/features/magic-shelf/service/book-rule-evaluator.service.spec.ts" name="BookRuleEvaluatorService &gt; older_than operator &gt; should work with lastReadTime" time="0.003644342">
        </testcase>
        <testcase classname="src/app/features/magic-shelf/service/book-rule-evaluator.service.spec.ts" name="BookRuleEvaluatorService &gt; older_than operator &gt; should return false for null date" time="0.00412361">
        </testcase>
        <testcase classname="src/app/features/magic-shelf/service/book-rule-evaluator.service.spec.ts" name="BookRuleEvaluatorService &gt; this_period operator &gt; should match dateFinished this year" time="0.003748352">
        </testcase>
        <testcase classname="src/app/features/magic-shelf/service/book-rule-evaluator.service.spec.ts" name="BookRuleEvaluatorService &gt; this_period operator &gt; should not match dateFinished from last year for this_period year" time="0.003876875">
        </testcase>
        <testcase classname="src/app/features/magic-shelf/service/book-rule-evaluator.service.spec.ts" name="BookRuleEvaluatorService &gt; this_period operator &gt; should match addedOn this month" time="0.003509614">
        </testcase>
        <testcase classname="src/app/features/magic-shelf/service/book-rule-evaluator.service.spec.ts" name="BookRuleEvaluatorService &gt; this_period operator &gt; should match addedOn this week" time="0.003807719">
        </testcase>
        <testcase classname="src/app/features/magic-shelf/service/book-rule-evaluator.service.spec.ts" name="BookRuleEvaluatorService &gt; this_period operator &gt; should work with publishedDate" time="0.003858004">
        </testcase>
        <testcase classname="src/app/features/magic-shelf/service/book-rule-evaluator.service.spec.ts" name="BookRuleEvaluatorService &gt; this_period operator &gt; should return false for null date" time="0.003552495">
        </testcase>
        <testcase classname="src/app/features/magic-shelf/service/book-rule-evaluator.service.spec.ts" name="BookRuleEvaluatorService &gt; seriesStatus &gt; should match &quot;reading&quot; when a series book is READING" time="0.004173661">
        </testcase>
        <testcase classname="src/app/features/magic-shelf/service/book-rule-evaluator.service.spec.ts" name="BookRuleEvaluatorService &gt; seriesStatus &gt; should match &quot;reading&quot; when a series book is RE_READING" time="0.00471409">
        </testcase>
        <testcase classname="src/app/features/magic-shelf/service/book-rule-evaluator.service.spec.ts" name="BookRuleEvaluatorService &gt; seriesStatus &gt; should not match &quot;reading&quot; when no book is READING or RE_READING" time="0.015551988">
        </testcase>
        <testcase classname="src/app/features/magic-shelf/service/book-rule-evaluator.service.spec.ts" name="BookRuleEvaluatorService &gt; seriesStatus &gt; should match &quot;not_started&quot; when no book has been read" time="0.008750613">
        </testcase>
        <testcase classname="src/app/features/magic-shelf/service/book-rule-evaluator.service.spec.ts" name="BookRuleEvaluatorService &gt; seriesStatus &gt; should not match &quot;not_started&quot; when a book is READING" time="0.008196715">
        </testcase>
        <testcase classname="src/app/features/magic-shelf/service/book-rule-evaluator.service.spec.ts" name="BookRuleEvaluatorService &gt; seriesStatus &gt; should match &quot;fully_read&quot; when all books are READ" time="0.00408843">
        </testcase>
        <testcase classname="src/app/features/magic-shelf/service/book-rule-evaluator.service.spec.ts" name="BookRuleEvaluatorService &gt; seriesStatus &gt; should not match &quot;fully_read&quot; when some books are not READ" time="0.003926607">
        </testcase>
        <testcase classname="src/app/features/magic-shelf/service/book-rule-evaluator.service.spec.ts" name="BookRuleEvaluatorService &gt; seriesStatus &gt; should match &quot;completed&quot; when own last book in series" time="0.004758419">
        </testcase>
        <testcase classname="src/app/features/magic-shelf/service/book-rule-evaluator.service.spec.ts" name="BookRuleEvaluatorService &gt; seriesStatus &gt; should not match &quot;completed&quot; when missing last book" time="0.00462023">
        </testcase>
        <testcase classname="src/app/features/magic-shelf/service/book-rule-evaluator.service.spec.ts" name="BookRuleEvaluatorService &gt; seriesStatus &gt; should match &quot;ongoing&quot; when missing last book" time="0.004178322">
        </testcase>
        <testcase classname="src/app/features/magic-shelf/service/book-rule-evaluator.service.spec.ts" name="BookRuleEvaluatorService &gt; seriesStatus &gt; should not match &quot;ongoing&quot; when own last book" time="0.004254742">
        </testcase>
        <testcase classname="src/app/features/magic-shelf/service/book-rule-evaluator.service.spec.ts" name="BookRuleEvaluatorService &gt; seriesStatus &gt; should negate with not_equals" time="0.003743855">
        </testcase>
        <testcase classname="src/app/features/magic-shelf/service/book-rule-evaluator.service.spec.ts" name="BookRuleEvaluatorService &gt; seriesStatus &gt; should return false for book without series" time="0.003858113">
        </testcase>
        <testcase classname="src/app/features/magic-shelf/service/book-rule-evaluator.service.spec.ts" name="BookRuleEvaluatorService &gt; seriesGaps &gt; should match &quot;any_gap&quot; when series has a missing number" time="0.004249741">
        </testcase>
        <testcase classname="src/app/features/magic-shelf/service/book-rule-evaluator.service.spec.ts" name="BookRuleEvaluatorService &gt; seriesGaps &gt; should not match &quot;any_gap&quot; when series is contiguous" time="0.004120858">
        </testcase>
        <testcase classname="src/app/features/magic-shelf/service/book-rule-evaluator.service.spec.ts" name="BookRuleEvaluatorService &gt; seriesGaps &gt; should match &quot;missing_first&quot; when book 1 is absent" time="0.003913692">
        </testcase>
        <testcase classname="src/app/features/magic-shelf/service/book-rule-evaluator.service.spec.ts" name="BookRuleEvaluatorService &gt; seriesGaps &gt; should not match &quot;missing_first&quot; when book 1 exists" time="0.003844853">
        </testcase>
        <testcase classname="src/app/features/magic-shelf/service/book-rule-evaluator.service.spec.ts" name="BookRuleEvaluatorService &gt; seriesGaps &gt; should match &quot;missing_latest&quot; when final book is absent" time="0.004162055">
        </testcase>
        <testcase classname="src/app/features/magic-shelf/service/book-rule-evaluator.service.spec.ts" name="BookRuleEvaluatorService &gt; seriesGaps &gt; should not match &quot;missing_latest&quot; when final book is present" time="0.004076857">
        </testcase>
        <testcase classname="src/app/features/magic-shelf/service/book-rule-evaluator.service.spec.ts" name="BookRuleEvaluatorService &gt; seriesGaps &gt; should not match &quot;missing_latest&quot; when no seriesTotal is set" time="0.004607612">
        </testcase>
        <testcase classname="src/app/features/magic-shelf/service/book-rule-evaluator.service.spec.ts" name="BookRuleEvaluatorService &gt; seriesGaps &gt; should match &quot;duplicate_number&quot; when two books share a number" time="0.003901944">
        </testcase>
        <testcase classname="src/app/features/magic-shelf/service/book-rule-evaluator.service.spec.ts" name="BookRuleEvaluatorService &gt; seriesGaps &gt; should not match &quot;duplicate_number&quot; when all numbers are unique" time="0.003852858">
        </testcase>
        <testcase classname="src/app/features/magic-shelf/service/book-rule-evaluator.service.spec.ts" name="BookRuleEvaluatorService &gt; seriesGaps &gt; should return false for book without series" time="0.003615398">
        </testcase>
        <testcase classname="src/app/features/magic-shelf/service/book-rule-evaluator.service.spec.ts" name="BookRuleEvaluatorService &gt; seriesPosition &gt; should match &quot;first_in_series&quot; for lowest numbered book" time="0.005252849">
        </testcase>
        <testcase classname="src/app/features/magic-shelf/service/book-rule-evaluator.service.spec.ts" name="BookRuleEvaluatorService &gt; seriesPosition &gt; should match &quot;last_in_series&quot; for highest numbered book" time="0.004160491">
        </testcase>
        <testcase classname="src/app/features/magic-shelf/service/book-rule-evaluator.service.spec.ts" name="BookRuleEvaluatorService &gt; seriesPosition &gt; should match &quot;next_unread&quot; for the first unread after a read book" time="0.005043413">
        </testcase>
        <testcase classname="src/app/features/magic-shelf/service/book-rule-evaluator.service.spec.ts" name="BookRuleEvaluatorService &gt; seriesPosition &gt; should not match &quot;next_unread&quot; for a later unread book" time="0.004013206">
        </testcase>
        <testcase classname="src/app/features/magic-shelf/service/book-rule-evaluator.service.spec.ts" name="BookRuleEvaluatorService &gt; seriesPosition &gt; should not match &quot;next_unread&quot; for a READ book" time="0.003648169">
        </testcase>
        <testcase classname="src/app/features/magic-shelf/service/book-rule-evaluator.service.spec.ts" name="BookRuleEvaluatorService &gt; seriesPosition &gt; should not match &quot;next_unread&quot; when no prior book is read" time="0.004065027">
        </testcase>
        <testcase classname="src/app/features/magic-shelf/service/book-rule-evaluator.service.spec.ts" name="BookRuleEvaluatorService &gt; seriesPosition &gt; should negate with not_equals" time="0.003619858">
        </testcase>
        <testcase classname="src/app/features/magic-shelf/service/book-rule-evaluator.service.spec.ts" name="BookRuleEvaluatorService &gt; seriesPosition &gt; should return false for book without seriesNumber" time="0.003787842">
        </testcase>
        <testcase classname="src/app/features/magic-shelf/service/book-rule-evaluator.service.spec.ts" name="BookRuleEvaluatorService &gt; seriesPosition &gt; should return false for book without series" time="0.006060663">
        </testcase>
        <testcase classname="src/app/features/magic-shelf/service/book-rule-evaluator.service.spec.ts" name="BookRuleEvaluatorService &gt; readingProgress &gt; should return max of all progress sources" time="0.009888989">
        </testcase>
        <testcase classname="src/app/features/magic-shelf/service/book-rule-evaluator.service.spec.ts" name="BookRuleEvaluatorService &gt; readingProgress &gt; should return 0 when no progress exists" time="0.008289047">
        </testcase>
        <testcase classname="src/app/features/magic-shelf/service/book-rule-evaluator.service.spec.ts" name="BookRuleEvaluatorService &gt; readingProgress &gt; should work with less_than" time="0.004564209">
        </testcase>
        <testcase classname="src/app/features/magic-shelf/service/book-rule-evaluator.service.spec.ts" name="BookRuleEvaluatorService &gt; readingProgress &gt; should work with in_between" time="0.004398657">
        </testcase>
        <testcase classname="src/app/features/magic-shelf/service/book-rule-evaluator.service.spec.ts" name="BookRuleEvaluatorService &gt; readingProgress &gt; should pick kobo progress when it is the highest" time="0.004256668">
        </testcase>
        <testcase classname="src/app/features/magic-shelf/service/book-rule-evaluator.service.spec.ts" name="BookRuleEvaluatorService &gt; readingProgress &gt; should pick cbx progress when it is the highest" time="0.005122831">
        </testcase>
        <testcase classname="src/app/features/magic-shelf/service/book-rule-evaluator.service.spec.ts" name="BookRuleEvaluatorService &gt; readingProgress &gt; should pick audiobook progress when it is the highest" time="0.017561262">
        </testcase>
        <testcase classname="src/app/features/magic-shelf/service/book-rule-evaluator.service.spec.ts" name="BookRuleEvaluatorService &gt; new fields &gt; should filter by addedOn with equals" time="0.004251733">
        </testcase>
        <testcase classname="src/app/features/magic-shelf/service/book-rule-evaluator.service.spec.ts" name="BookRuleEvaluatorService &gt; new fields &gt; should filter by description with contains" time="0.00419807">
        </testcase>
        <testcase classname="src/app/features/magic-shelf/service/book-rule-evaluator.service.spec.ts" name="BookRuleEvaluatorService &gt; new fields &gt; should filter by narrator with contains" time="0.00450705">
        </testcase>
        <testcase classname="src/app/features/magic-shelf/service/book-rule-evaluator.service.spec.ts" name="BookRuleEvaluatorService &gt; new fields &gt; should filter by ageRating with greater_than" time="0.004090866">
        </testcase>
        <testcase classname="src/app/features/magic-shelf/service/book-rule-evaluator.service.spec.ts" name="BookRuleEvaluatorService &gt; new fields &gt; should filter by contentRating with equals" time="0.004118131">
        </testcase>
        <testcase classname="src/app/features/magic-shelf/service/book-rule-evaluator.service.spec.ts" name="BookRuleEvaluatorService &gt; new fields &gt; should filter by audibleRating with greater_than_equal_to" time="0.003936913">
        </testcase>
        <testcase classname="src/app/features/magic-shelf/service/book-rule-evaluator.service.spec.ts" name="BookRuleEvaluatorService &gt; new fields &gt; should filter by audibleReviewCount" time="0.003991072">
        </testcase>
        <testcase classname="src/app/features/magic-shelf/service/book-rule-evaluator.service.spec.ts" name="BookRuleEvaluatorService &gt; new fields &gt; should filter by abridged with equals true" time="0.004056589">
        </testcase>
        <testcase classname="src/app/features/magic-shelf/service/book-rule-evaluator.service.spec.ts" name="BookRuleEvaluatorService &gt; new fields &gt; should filter by abridged with equals false" time="0.004141594">
        </testcase>
        <testcase classname="src/app/features/magic-shelf/service/book-rule-evaluator.service.spec.ts" name="BookRuleEvaluatorService &gt; new fields &gt; should filter by audiobookDuration" time="0.004390569">
        </testcase>
        <testcase classname="src/app/features/magic-shelf/service/book-rule-evaluator.service.spec.ts" name="BookRuleEvaluatorService &gt; new fields &gt; should return null for audiobookDuration when no metadata" time="0.004722915">
        </testcase>
        <testcase classname="src/app/features/magic-shelf/service/book-rule-evaluator.service.spec.ts" name="BookRuleEvaluatorService &gt; new fields &gt; should filter by isPhysical with string value from UI" time="0.004774413">
        </testcase>
        <testcase classname="src/app/features/magic-shelf/service/book-rule-evaluator.service.spec.ts" name="BookRuleEvaluatorService &gt; new fields &gt; should filter by lubimyczytacRating" time="0.004698636">
        </testcase>
        <testcase classname="src/app/features/magic-shelf/service/book-rule-evaluator.service.spec.ts" name="BookRuleEvaluatorService &gt; new fields &gt; should filter by categories with includes_any" time="0.005847536">
        </testcase>
        <testcase classname="src/app/features/magic-shelf/service/book-rule-evaluator.service.spec.ts" name="BookRuleEvaluatorService &gt; new fields &gt; should handle categories with includes_all" time="0.006489309">
        </testcase>
        <testcase classname="src/app/features/magic-shelf/service/book-rule-evaluator.service.spec.ts" name="BookRuleEvaluatorService &gt; new fields &gt; should handle categories with excludes_all" time="0.004426736">
        </testcase>
        <testcase classname="src/app/features/magic-shelf/service/book-rule-evaluator.service.spec.ts" name="BookRuleEvaluatorService &gt; new fields &gt; should filter by description is_empty" time="0.003975227">
        </testcase>
        <testcase classname="src/app/features/magic-shelf/service/book-rule-evaluator.service.spec.ts" name="BookRuleEvaluatorService &gt; new fields &gt; should filter by narrator is_not_empty" time="0.006129491">
        </testcase>
        <testcase classname="src/app/features/magic-shelf/service/book-rule-evaluator.service.spec.ts" name="BookRuleEvaluatorService &gt; combined Part 3 rules &gt; should evaluate &quot;Gathering Dust&quot;: UNREAD AND addedOn older_than 1 year" time="0.004108996">
        </testcase>
        <testcase classname="src/app/features/magic-shelf/service/book-rule-evaluator.service.spec.ts" name="BookRuleEvaluatorService &gt; combined Part 3 rules &gt; should evaluate &quot;Barely Started&quot;: readingProgress &lt; 10 AND READING/RE_READING" time="0.004043599">
        </testcase>
        <testcase classname="src/app/features/magic-shelf/service/book-rule-evaluator.service.spec.ts" name="BookRuleEvaluatorService &gt; combined Part 3 rules &gt; should evaluate &quot;Completed Series Not Started&quot;: completed AND not_started" time="0.004351542">
        </testcase>
        <testcase classname="src/app/features/magic-shelf/service/book-rule-evaluator.service.spec.ts" name="BookRuleEvaluatorService &gt; combined Part 3 rules &gt; should evaluate &quot;Ongoing Series Im Behind On&quot;: ongoing AND NOT reading" time="0.003941664">
        </testcase>
        <testcase classname="src/app/features/magic-shelf/service/book-rule-evaluator.service.spec.ts" name="BookRuleEvaluatorService &gt; evaluateGroup edge cases &gt; should handle nested groups" time="0.00378559">
        </testcase>
        <testcase classname="src/app/features/magic-shelf/service/book-rule-evaluator.service.spec.ts" name="BookRuleEvaluatorService &gt; evaluateGroup edge cases &gt; should pass allBooks through to nested groups" time="0.003663401">
        </testcase>
        <testcase classname="src/app/features/magic-shelf/service/book-rule-evaluator.service.spec.ts" name="BookRuleEvaluatorService &gt; evaluateGroup edge cases &gt; should return true for AND with empty rules" time="0.003679074">
        </testcase>
        <testcase classname="src/app/features/magic-shelf/service/book-rule-evaluator.service.spec.ts" name="BookRuleEvaluatorService &gt; evaluateGroup edge cases &gt; should return false for OR with empty rules" time="0.004146961">
        </testcase>
        <testcase classname="src/app/features/magic-shelf/service/book-rule-evaluator.service.spec.ts" name="BookRuleEvaluatorService &gt; evaluateGroup edge cases &gt; should fail AND when one rule fails" time="0.003503477">
        </testcase>
        <testcase classname="src/app/features/magic-shelf/service/book-rule-evaluator.service.spec.ts" name="BookRuleEvaluatorService &gt; evaluateGroup edge cases &gt; should pass OR when one rule passes" time="0.003495746">
        </testcase>
        <testcase classname="src/app/features/magic-shelf/service/book-rule-evaluator.service.spec.ts" name="BookRuleEvaluatorService &gt; equals and not_equals edge cases &gt; should match equals on array field (authors)" time="0.004155296">
        </testcase>
        <testcase classname="src/app/features/magic-shelf/service/book-rule-evaluator.service.spec.ts" name="BookRuleEvaluatorService &gt; equals and not_equals edge cases &gt; should not match equals on array when value absent" time="0.003757876">
        </testcase>
        <testcase classname="src/app/features/magic-shelf/service/book-rule-evaluator.service.spec.ts" name="BookRuleEvaluatorService &gt; equals and not_equals edge cases &gt; should match not_equals on array field (all must differ)" time="0.003689269">
        </testcase>
        <testcase classname="src/app/features/magic-shelf/service/book-rule-evaluator.service.spec.ts" name="BookRuleEvaluatorService &gt; equals and not_equals edge cases &gt; should not match not_equals on array when value present" time="0.003469244">
        </testcase>
        <testcase classname="src/app/features/magic-shelf/service/book-rule-evaluator.service.spec.ts" name="BookRuleEvaluatorService &gt; equals and not_equals edge cases &gt; should compare dates with equals" time="0.00374051">
        </testcase>
        <testcase classname="src/app/features/magic-shelf/service/book-rule-evaluator.service.spec.ts" name="BookRuleEvaluatorService &gt; equals and not_equals edge cases &gt; should compare dates with not_equals" time="0.003690192">
        </testcase>
        <testcase classname="src/app/features/magic-shelf/service/book-rule-evaluator.service.spec.ts" name="BookRuleEvaluatorService &gt; equals and not_equals edge cases &gt; should compare strings case-insensitively" time="0.003268416">
        </testcase>
        <testcase classname="src/app/features/magic-shelf/service/book-rule-evaluator.service.spec.ts" name="BookRuleEvaluatorService &gt; equals and not_equals edge cases &gt; should compare numbers with equals" time="0.003335758">
        </testcase>
        <testcase classname="src/app/features/magic-shelf/service/book-rule-evaluator.service.spec.ts" name="BookRuleEvaluatorService &gt; equals and not_equals edge cases &gt; should handle library id (numeric id field) with equals" time="0.003655206">
        </testcase>
        <testcase classname="src/app/features/magic-shelf/service/book-rule-evaluator.service.spec.ts" name="BookRuleEvaluatorService &gt; equals and not_equals edge cases &gt; should handle shelf id (numeric id field) with includes_any" time="0.008376109">
        </testcase>
        <testcase classname="src/app/features/magic-shelf/service/book-rule-evaluator.service.spec.ts" name="BookRuleEvaluatorService &gt; equals and not_equals edge cases &gt; should handle shelf with excludes_all" time="0.003803052">
        </testcase>
        <testcase classname="src/app/features/magic-shelf/service/book-rule-evaluator.service.spec.ts" name="BookRuleEvaluatorService &gt; equals and not_equals edge cases &gt; should handle readStatus UNSET when book has no readStatus" time="0.003980274">
        </testcase>
        <testcase classname="src/app/features/magic-shelf/service/book-rule-evaluator.service.spec.ts" name="BookRuleEvaluatorService &gt; text operators &gt; should match contains on array field (authors)" time="0.004688997">
        </testcase>
        <testcase classname="src/app/features/magic-shelf/service/book-rule-evaluator.service.spec.ts" name="BookRuleEvaluatorService &gt; text operators &gt; should not match contains on array when no element matches" time="0.004484556">
        </testcase>
[...]
        </testcase>
        <testcase classname="src/app/features/book/components/book-browser/book-table/book-table.component.spec.ts" name="BookTableComponent &gt; formatFileSize &gt; converts KB to MB with one decimal" time="0.017204306">
        </testcase>
        <testcase classname="src/app/features/book/components/book-browser/book-table/book-table.component.spec.ts" name="BookTableComponent &gt; clearSelectedBooks &gt; clears selection and emits" time="0.02207296">
        </testcase>
        <testcase classname="src/app/features/book/components/book-browser/book-table/book-table.component.spec.ts" name="BookTableComponent &gt; selectAllBooks &gt; selects all books and emits" time="0.025097857">
        </testcase>
        <testcase classname="src/app/features/book/components/book-browser/book-table/book-table.component.spec.ts" name="BookTableComponent &gt; DOM safety harness &gt; keeps PrimeNG virtual scroll enabled for the stable table view" time="1.171757723">
        </testcase>
        <testcase classname="src/app/features/book/components/book-browser/book-table/book-table.component.spec.ts" name="BookTableComponent &gt; DOM safety harness &gt; renders the stable header selection control and resizable columns in the DOM" time="0.175459882">
        </testcase>
        <testcase classname="src/app/features/book/components/book-browser/book-table/book-table.component.spec.ts" name="BookTableComponent &gt; DOM safety harness &gt; keeps the header selection control clickable without changing the protected table contract" time="0.218517688">
        </testcase>
        <testcase classname="src/app/features/book/components/book-browser/book-table/book-table.component.spec.ts" name="BookTableComponent &gt; DOM safety harness &gt; emits viewport scroll metrics from the PrimeNG scroller callback" time="0.142618411">
        </testcase>
        <testcase classname="src/app/features/book/components/book-browser/book-table/book-table.component.spec.ts" name="BookTableComponent &gt; skips the legacy virtual scroll bounce when paged mode appends books" time="0.025012672">
        </testcase>
        <testcase classname="src/app/features/book/components/book-browser/book-table/book-table.component.spec.ts" name="BookTableComponent &gt; restores the PrimeNG scroller position after paged appends" time="0.015230587">
        </testcase>
    </testsuite>
    <testsuite name="src/app/features/book/components/book-browser/filters/sidebar-filter.spec.ts" timestamp="2026-05-30T00:02:13.856Z" hostname="d08c345ea9ad" tests="34" failures="0" errors="0" skipped="0" time="0.066359674">
        <testcase classname="src/app/features/book/components/book-browser/filters/sidebar-filter.spec.ts" name="sidebar-filter physical media type handling &gt; matches assigned custom media types on physical books before falling back to PHYSICAL" time="0.00758083">
        </testcase>
        <testcase classname="src/app/features/book/components/book-browser/filters/sidebar-filter.spec.ts" name="sidebar-filter physical media type handling &gt; matches physical placeholders for navigation-level media type filters" time="0.001646336">
        </testcase>
        <testcase classname="src/app/features/book/components/book-browser/filters/sidebar-filter.spec.ts" name="sidebar-filter physical media type handling &gt; keeps PHYSICAL navigation filters scoped to physical books only" time="0.003211524">
        </testcase>
        <testcase classname="src/app/features/book/components/book-browser/filters/sidebar-filter.spec.ts" name="sidebar-filter physical media type handling &gt; matches any selected tags in OR mode" time="0.001554727">
        </testcase>
        <testcase classname="src/app/features/book/components/book-browser/filters/sidebar-filter.spec.ts" name="sidebar-filter physical media type handling &gt; requires all selected tags in AND mode" time="0.001536816">
        </testcase>
        <testcase classname="src/app/features/book/components/book-browser/filters/sidebar-filter.spec.ts" name="sidebar-filter physical media type handling &gt; narrows same-facet options in AND mode to only co-occurring tags" time="0.001369005">
        </testcase>
        <testcase classname="src/app/features/book/components/book-browser/filters/sidebar-filter.spec.ts" name="sidebar-filter physical media type handling &gt; keeps same-facet options broad in OR mode" time="0.001634439">
        </testcase>
        <testcase classname="src/app/features/book/components/book-browser/filters/sidebar-filter.spec.ts" name="sidebar-filter NOT mode &gt; excludes books matching a single NOT filter" time="0.001562477">
        </testcase>
        <testcase classname="src/app/features/book/components/book-browser/filters/sidebar-filter.spec.ts" name="sidebar-filter NOT mode &gt; excludes books matching any value in a multi-value NOT filter" time="0.002094626">
        </testcase>
        <testcase classname="src/app/features/book/components/book-browser/filters/sidebar-filter.spec.ts" name="sidebar-filter NOT mode &gt; excludes books matching any selected cross-category NOT filters" time="0.001345787">
        </testcase>
        <testcase classname="src/app/features/book/components/book-browser/filters/sidebar-filter.spec.ts" name="sidebar-filter NOT mode &gt; returns all books when NOT filters are null" time="0.001165644">
        </testcase>
        <testcase classname="src/app/features/book/components/book-browser/filters/sidebar-filter.spec.ts" name="sidebar-filter NOT mode &gt; returns all books when NOT filters are empty" time="0.001094486">
        </testcase>
        <testcase classname="src/app/features/book/components/book-browser/filters/sidebar-filter.spec.ts" name="sidebar-filter single mode &gt; keeps only books matching all active single-mode filters (AND semantics)" time="0.001059421">
        </testcase>
        <testcase classname="src/app/features/book/components/book-browser/filters/sidebar-filter.spec.ts" name="sidebar-filter single mode &gt; supports single-mode with cross-category filters using AND semantics" time="0.001297449">
        </testcase>
        <testcase classname="src/app/features/book/components/book-browser/filters/sidebar-filter.spec.ts" name="sidebar-filter addedOn matching &gt; matches addedOn range id 0 (Today) in AND mode" time="0.001171977">
        </testcase>
        <testcase classname="src/app/features/book/components/book-browser/filters/sidebar-filter.spec.ts" name="sidebar-filter addedOn matching &gt; matches addedOn range id 1 (Last 7 Days) in AND mode" time="0.001205277">
        </testcase>
        <testcase classname="src/app/features/book/components/book-browser/filters/sidebar-filter.spec.ts" name="sidebar-filter addedOn matching &gt; matches multiple addedOn ranges in OR-style with AND mode" time="0.001040014">
        </testcase>
        <testcase classname="src/app/features/book/components/book-browser/filters/sidebar-filter.spec.ts" name="sidebar-filter addedOn matching &gt; excludes addedOn matches in NOT mode" time="0.000972411">
        </testcase>
        <testcase classname="src/app/features/book/components/book-browser/filters/sidebar-filter.spec.ts" name="sidebar-filter addedOn matching &gt; handles string addedOn range ids from URL deserialization" time="0.001002495">
        </testcase>
        <testcase classname="src/app/features/book/components/book-browser/filters/sidebar-filter.spec.ts" name="sidebar-filter folderPath matching &gt; matches folderPath in AND mode" time="0.001001602">
        </testcase>
        <testcase classname="src/app/features/book/components/book-browser/filters/sidebar-filter.spec.ts" name="sidebar-filter folderPath matching &gt; matches multiple folderPaths in OR mode" time="0.000979014">
        </testcase>
        <testcase classname="src/app/features/book/components/book-browser/filters/sidebar-filter.spec.ts" name="sidebar-filter folderPath matching &gt; excludes folderPath in NOT mode" time="0.000964778">
        </testcase>
        <testcase classname="src/app/features/book/components/book-browser/filters/sidebar-filter.spec.ts" name="sidebar-filter NOT mode with tags (user scenario) &gt; NOT with 1 tag excludes ONLY books having that tag" time="0.000982883">
        </testcase>
        <testcase classname="src/app/features/book/components/book-browser/filters/sidebar-filter.spec.ts" name="sidebar-filter NOT mode with tags (user scenario) &gt; NOT with 2 tags excludes books having EITHER tag" time="0.000948917">
        </testcase>
        <testcase classname="src/app/features/book/components/book-browser/filters/sidebar-filter.spec.ts" name="sidebar-filter NOT mode with tags (user scenario) &gt; NOT with 1 tag differs from single/1 mode (single shows matches, NOT hides them)" time="0.001412471">
        </testcase>
        <testcase classname="src/app/features/book/components/book-browser/filters/sidebar-filter.spec.ts" name="sidebar-filter NOT mode with tags (user scenario) &gt; NOT with all popular tags can empty the results (correct behavior)" time="0.000969673">
        </testcase>
        <testcase classname="src/app/features/book/components/book-browser/filters/sidebar-filter.spec.ts" name="sidebar-filter NOT mode with tags (user scenario) &gt; NOT keeps books with no tags (no metadata match)" time="0.002925841">
        </testcase>
        <testcase classname="src/app/features/book/components/book-browser/filters/sidebar-filter.spec.ts" name="normalizeFilterMode &gt; passes through valid lowercase modes unchanged" time="0.001203793">
        </testcase>
        <testcase classname="src/app/features/book/components/book-browser/filters/sidebar-filter.spec.ts" name="normalizeFilterMode &gt; normalizes uppercase mode to lowercase" time="0.00122416">
        </testcase>
        <testcase classname="src/app/features/book/components/book-browser/filters/sidebar-filter.spec.ts" name="normalizeFilterMode &gt; trims whitespace" time="0.000936934">
        </testcase>
        <testcase classname="src/app/features/book/components/book-browser/filters/sidebar-filter.spec.ts" name="normalizeFilterMode &gt; defaults to and for invalid values" time="0.00107417">
        </testcase>
        <testcase classname="src/app/features/book/components/book-browser/filters/sidebar-filter.spec.ts" name="normalizeFilterMode &gt; filterBooksByFilters applies NOT correctly even with uppercase mode" time="0.001050545">
        </testcase>
        <testcase classname="src/app/features/book/components/book-browser/filters/sidebar-filter.spec.ts" name="SideBarFilter integration &gt; applies NOT mode through the observable chain" time="0.007429522">
        </testcase>
        <testcase classname="src/app/features/book/components/book-browser/filters/sidebar-filter.spec.ts" name="SideBarFilter integration &gt; switches between NOT and single mode correctly" time="0.001963976">
        </testcase>
    </testsuite>
    <testsuite name="src/app/features/metadata/component/book-metadata-center/metadata-editor/metadata-editor.component.spec.ts" timestamp="2026-05-30T00:02:13.873Z" hostname="d08c345ea9ad" tests="2" failures="0" errors="0" skipped="0" time="0.724452326">
        <testcase classname="src/app/features/metadata/component/book-metadata-center/metadata-editor/metadata-editor.component.spec.ts" name="MetadataEditorComponent auto fetch lifecycle &gt; stays loading until the matching metadata task reaches a terminal state" time="0.590825111">
        </testcase>
        <testcase classname="src/app/features/metadata/component/book-metadata-center/metadata-editor/metadata-editor.component.spec.ts" name="MetadataEditorComponent auto fetch lifecycle &gt; clears loading immediately when the metadata task fails to start" time="0.112827555">
        </testcase>
    </testsuite>
    <testsuite name="src/app/features/metadata/component/book-metadata-center/metadata-searcher/metadata-searcher.component.spec.ts" timestamp="2026-05-30T00:02:13.875Z" hostname="d08c345ea9ad" tests="3" failures="0" errors="0" skipped="0" time="4.570210481">
        <testcase classname="src/app/features/metadata/component/book-metadata-center/metadata-searcher/metadata-searcher.component.spec.ts" name="MetadataSearcherComponent control rail integration &gt; renders navigation via picker control rail and removes legacy navigation row" time="3.44878053">
        </testcase>
        <testcase classname="src/app/features/metadata/component/book-metadata-center/metadata-searcher/metadata-searcher.component.spec.ts" name="MetadataSearcherComponent control rail integration &gt; emits previous-book navigation when picker previous button is clicked" time="0.573321603">
        </testcase>
        <testcase classname="src/app/features/metadata/component/book-metadata-center/metadata-searcher/metadata-searcher.component.spec.ts" name="MetadataSearcherComponent control rail integration &gt; renders the current book cover inside the search card shell" time="0.537399158">
        </testcase>
    </testsuite>
    <testsuite name="src/app/features/metadata/component/book-metadata-center/metadata-picker/metadata-picker.component.spec.ts" timestamp="2026-05-30T00:02:13.877Z" hostname="d08c345ea9ad" tests="2" failures="0" errors="0" skipped="0" time="2.918468933">
        <testcase classname="src/app/features/metadata/component/book-metadata-center/metadata-picker/metadata-picker.component.spec.ts" name="MetadataPickerComponent save button state &gt; shows Saved after successful save and resets to Save Changes on next edit" time="2.54192406">
        </testcase>
        <testcase classname="src/app/features/metadata/component/book-metadata-center/metadata-picker/metadata-picker.component.spec.ts" name="MetadataPickerComponent save button state &gt; renders a loading icon and loading state while a save is in progress" time="0.358381208">
        </testcase>
    </testsuite>
    <testsuite name="src/app/features/metadata/component/book-metadata-center/metadata-viewer/metadata-viewer.component.spec.ts" timestamp="2026-05-30T00:02:13.879Z" hostname="d08c345ea9ad" tests="2" failures="0" errors="0" skipped="0" time="0.055273043">
        <testcase classname="src/app/features/metadata/component/book-metadata-center/metadata-viewer/metadata-viewer.component.spec.ts" name="MetadataViewerComponent refresh lifecycle &gt; keeps refresh loading active until the matching task finishes" time="0.041697976">
        </testcase>
        <testcase classname="src/app/features/metadata/component/book-metadata-center/metadata-viewer/metadata-viewer.component.spec.ts" name="MetadataViewerComponent refresh lifecycle &gt; clears refresh loading when the refreshed book arrives" time="0.008930657">
        </testcase>
    </testsuite>
    <testsuite name="src/app/features/metadata/component/metadata-options-dialog/metadata-advanced-fetch-options/metadata-advanced-fetch-options.component.spec.ts" timestamp="2026-05-30T00:02:13.880Z" hostname="d08c345ea9ad" tests="4" failures="0" errors="0" skipped="0" time="7.280251687">
        <testcase classname="src/app/features/metadata/component/metadata-options-dialog/metadata-advanced-fetch-options/metadata-advanced-fetch-options.component.spec.ts" name="MetadataAdvancedFetchOptionsComponent &gt; defaults merge genres off and manual review on when settings omit those flags" time="0.888710459">
        </testcase>
        <testcase classname="src/app/features/metadata/component/metadata-options-dialog/metadata-advanced-fetch-options/metadata-advanced-fetch-options.component.spec.ts" name="MetadataAdvancedFetchOptionsComponent &gt; reset restores merge genres off and manual review on" time="0.039495728">
        </testcase>
        <testcase classname="src/app/features/metadata/component/metadata-options-dialog/metadata-advanced-fetch-options/metadata-advanced-fetch-options.component.spec.ts" name="MetadataAdvancedFetchOptionsComponent &gt; renders the footer control rail above table content" time="3.995403258">
        </testcase>
        <testcase classname="src/app/features/metadata/component/metadata-options-dialog/metadata-advanced-fetch-options/metadata-advanced-fetch-options.component.spec.ts" name="MetadataAdvancedFetchOptionsComponent &gt; hides the embedded footer controls when external controls are enabled" time="2.332044815">
        </testcase>
    </testsuite>
    <testsuite name="src/app/features/metadata/component/metadata-options-dialog/metadata-fetch-options/metadata-fetch-options.component.spec.ts" timestamp="2026-05-30T00:02:13.883Z" hostname="d08c345ea9ad" tests="4" failures="0" errors="0" skipped="0" time="12.003292618">
        <testcase classname="src/app/features/metadata/component/metadata-options-dialog/metadata-fetch-options/metadata-fetch-options.component.spec.ts" name="MetadataFetchOptionsComponent dialog layout &gt; renders the target selector inside a dedicated frame below target copy" time="5.728169308">
        </testcase>
        <testcase classname="src/app/features/metadata/component/metadata-options-dialog/metadata-fetch-options/metadata-fetch-options.component.spec.ts" name="MetadataFetchOptionsComponent dialog layout &gt; renders the advanced controls rail at the top and disables embedded child controls" time="2.676514463">
        </testcase>
        <testcase classname="src/app/features/metadata/component/metadata-options-dialog/metadata-fetch-options/metadata-fetch-options.component.spec.ts" name="MetadataFetchOptionsComponent dialog layout &gt; can hide the internal top rail when a parent dialog renders the anchored copy" time="1.841249083">
        </testcase>
        <testcase classname="src/app/features/metadata/component/metadata-options-dialog/metadata-fetch-options/metadata-fetch-options.component.spec.ts" name="MetadataFetchOptionsComponent dialog layout &gt; renders the ComicVine sequence controls inside a dedicated frame below ComicVine copy" time="1.740765543">
        </testcase>
    </testsuite>
    <testsuite name="src/app/shared/layout/component/layout-menu/version-changelog-dialog/version-changelog-dialog.component.spec.ts" timestamp="2026-05-30T00:02:13.885Z" hostname="d08c345ea9ad" tests="1" failures="0" errors="0" skipped="0" time="0.350354256">
        <testcase classname="src/app/shared/layout/component/layout-menu/version-changelog-dialog/version-changelog-dialog.component.spec.ts" name="VersionChangelogDialogComponent &gt; renders markdown tables, demotes h2 headings to h3, and sanitizes unsafe html" time="0.337876007">
        </testcase>
    </testsuite>
    <testsuite name="src/app/features/book/components/book-browser/sorting/multi-sort-popover/multi-sort-popover.component.spec.ts" timestamp="2026-05-30T00:02:13.886Z" hostname="d08c345ea9ad" tests="4" failures="0" errors="0" skipped="0" time="3.106869069">
        <testcase classname="src/app/features/book/components/book-browser/sorting/multi-sort-popover/multi-sort-popover.component.spec.ts" name="MultiSortPopoverComponent &gt; hides the parent popover after saving the current sort config" time="2.258818983">
        </testcase>
        <testcase classname="src/app/features/book/components/book-browser/sorting/multi-sort-popover/multi-sort-popover.component.spec.ts" name="MultiSortPopoverComponent &gt; keeps the popover open by default when focus leaves the sort editor" time="0.447262489">
        </testcase>
        <testcase classname="src/app/features/book/components/book-browser/sorting/multi-sort-popover/multi-sort-popover.component.spec.ts" name="MultiSortPopoverComponent &gt; closes the popover when focus leaves the sort editor" time="0.227927492">
        </testcase>
        <testcase classname="src/app/features/book/components/book-browser/sorting/multi-sort-popover/multi-sort-popover.component.spec.ts" name="MultiSortPopoverComponent &gt; keeps the popover open while focus moves into the sort-field select overlay" time="0.150308494">
        </testcase>
    </testsuite>
</testsuites>
